2021-11-10 15:15:00 Reading the dataset.........
2021-11-10 15:15:07 Read the dataset successfully.
2021-11-10 15:15:07 Data preprocessing started.........
2021-11-10 15:15:07 Extrated valuable information from the target variable.
2021-11-10 15:15:07 Replaced all thyroidal diseases into one category.
2021-11-10 15:15:07 Classified the target features into 0 and 1.
2021-11-10 15:15:07 Renamed all features into understandable form.
2021-11-10 15:15:07 Replaced all ? into Null values.
2021-11-10 15:15:07 Droped column TBG and T3 for high missing values.
2021-11-10 15:15:07 Droped outliers from age feature.
2021-11-10 15:15:07 Droped outliers from TSH feature.
2021-11-10 15:15:07 Encoded the categorical features.
2021-11-10 15:15:07 Imputation of trainind and testing missing values with KNNImputer initiated......
2021-11-10 15:15:08 Successfully ipmuted the missing values in train and test.
2021-11-10 15:15:08 Created training, testing and validation dataset.
2021-11-10 15:15:08 Initiated imputation in validation dataset.
2021-11-10 15:15:08 Successfully imputed in validation dataset.
2021-11-10 15:15:08 Fixing imbalanced data initiated.....
2021-11-10 15:15:08 fixed imbalanced data in train dataset.
2021-11-10 15:15:08 fixed imbalanced data in test dataset.
2021-11-10 15:15:08 fixed imbalanced data in validation dataset.
2021-11-10 15:15:08 Created pipelines for our models.
2021-11-10 15:15:08 Selected top 4 important features.
2021-11-10 15:15:08 Hyperparameter tuning intiated in Random Forest.......
2021-11-10 15:15:08 Random forest training started......
2021-11-10 15:15:25 {'random_forest__n_estimators': 300, 'random_forest__max_depth': 50}
2021-11-10 15:15:25 Random forest trained.
2021-11-10 15:15:25 Hyperparameter tuning intiated in XGBoost.......
2021-11-10 15:15:25 XGBoost training started.
2021-11-10 15:16:33 {'XGboost__n_estimators': 10000, 'XGboost__max_depth': 4, 'XGboost__learning_rate': 0.005, 'XGboost__colsample_bytree': 0.5}
2021-11-10 15:16:33 XGBoost trained.
2021-11-10 15:16:33 Successfully saved Random forest as pickle file.
2021-11-10 15:16:33 Successfully saved XGBoost as pickle file.
2021-11-10 15:16:33 Sucessfully executed!
