2021-11-21 21:54:48 Reading the dataset.........
2021-11-21 21:54:54 Read the dataset successfully.
2021-11-21 21:54:54 Data preprocessing part 1 started.........
2021-11-21 21:54:54 Extrated valuable information from the target variable.
2021-11-21 21:54:54 Replaced all thyroidal diseases into one category.
2021-11-21 21:54:54 Classified the target features into 0 and 1.
2021-11-21 21:54:54 Renamed all features into understandable form.
2021-11-21 21:54:54 Saving the processed data ........
2021-11-21 21:55:58 Reading the dataset.........
2021-11-21 21:56:08 Read the dataset successfully.
2021-11-21 21:56:08 Data preprocessing part 1 started.........
2021-11-21 21:56:08 Extrated valuable information from the target variable.
2021-11-21 21:56:08 Replaced all thyroidal diseases into one category.
2021-11-21 21:56:08 Classified the target features into 0 and 1.
2021-11-21 21:56:08 Renamed all features into understandable form.
2021-11-21 21:56:08 Saving the processed data ........
2021-11-21 21:56:08 Successfully saved the data in a csv file.
2021-11-21 21:56:08 Data Preprocessing part 1 complete.
2021-11-21 21:56:56 Reading the dataset.........
2021-11-21 21:57:51 Reading the dataset.........
2021-11-21 21:57:51 Read the dataset successfully.
2021-11-21 21:57:52 Replaced all ? into Null values.
2021-11-21 21:57:52 Droped column TBG and T3 for high missing values.
2021-11-21 21:57:52 Droped outliers from age feature.
2021-11-21 21:57:52 Droped outliers from TSH feature.
2021-11-21 21:57:52 Encoded the categorical features.
2021-11-21 21:57:52 Imputation of trainind and testing missing values with KNNImputer initiated......
2021-11-21 21:57:53 Successfully imputed the missing values in train and test.
2021-11-21 21:57:53 Created training, testing and validation dataset.
2021-11-21 21:57:53 Initiated imputation in validation dataset.
2021-11-21 21:57:53 Successfully imputed in validation dataset.
2021-11-21 21:57:53 Fixing imbalanced data initiated.....
2021-11-21 21:57:53 fixed imbalanced data in train dataset.
2021-11-21 21:57:54 fixed imbalanced data in test dataset.
2021-11-21 21:57:54 fixed imbalanced data in validation dataset.
2021-11-21 21:57:54 saving the training data.....
2021-11-21 21:57:54 Successfully saved the training data.
2021-11-21 21:57:54 saving the testing data.....
2021-11-21 21:57:54 Successfully saved the testing data.
2021-11-21 21:57:54 saving the validation data......
2021-11-21 21:57:54 Successfully saved the validation data.
